d:\桌面\qtwidgetsapplication1\qtwidgetsapplication1\x64\debug\vc142.pdb
d:\桌面\qtwidgetsapplication1\qtwidgetsapplication1\x64\debug\qrc_qtwidgetsapplication1.obj
d:\桌面\qtwidgetsapplication1\qtwidgetsapplication1\x64\debug\main.obj
d:\桌面\qtwidgetsapplication1\qtwidgetsapplication1\x64\debug\open.obj
d:\桌面\qtwidgetsapplication1\qtwidgetsapplication1\x64\debug\qtwidgetsapplication1.obj
d:\桌面\qtwidgetsapplication1\qtwidgetsapplication1\x64\debug\moc_qtwidgetsapplication1.obj
d:\桌面\qtwidgetsapplication1\x64\debug\qtwidgetsapplication1.exe
d:\桌面\qtwidgetsapplication1\x64\debug\qtwidgetsapplication1.ilk
d:\桌面\qtwidgetsapplication1\x64\debug\qtwidgetsapplication1.pdb
d:\桌面\qtwidgetsapplication1\qtwidgetsapplication1\x64\debug\moc\moc_qtwidgetsapplication1.cpp
d:\桌面\qtwidgetsapplication1\qtwidgetsapplication1\x64\debug\uic\ui_qtwidgetsapplication1.h
d:\桌面\qtwidgetsapplication1\qtwidgetsapplication1\x64\debug\rcc\qrc_qtwidgetsapplication1.cpp
d:\桌面\qtwidgetsapplication1\qtwidgetsapplication1\x64\debug\qtwidget.0555cc7d.tlog\cl.command.1.tlog
d:\桌面\qtwidgetsapplication1\qtwidgetsapplication1\x64\debug\qtwidget.0555cc7d.tlog\cl.read.1.tlog
d:\桌面\qtwidgetsapplication1\qtwidgetsapplication1\x64\debug\qtwidget.0555cc7d.tlog\cl.write.1.tlog
d:\桌面\qtwidgetsapplication1\qtwidgetsapplication1\x64\debug\qtwidget.0555cc7d.tlog\link.command.1.tlog
d:\桌面\qtwidgetsapplication1\qtwidgetsapplication1\x64\debug\qtwidget.0555cc7d.tlog\link.read.1.tlog
d:\桌面\qtwidgetsapplication1\qtwidgetsapplication1\x64\debug\qtwidget.0555cc7d.tlog\link.write.1.tlog
d:\桌面\qtwidgetsapplication1\qtwidgetsapplication1\x64\debug\qtwidget.0555cc7d.tlog\moc.read.1u.tlog
d:\桌面\qtwidgetsapplication1\qtwidgetsapplication1\x64\debug\qtwidget.0555cc7d.tlog\moc.write.1u.tlog
d:\桌面\qtwidgetsapplication1\qtwidgetsapplication1\x64\debug\qtwidget.0555cc7d.tlog\qtwidgetsapplication1.write.1u.tlog
d:\桌面\qtwidgetsapplication1\qtwidgetsapplication1\x64\debug\qtwidget.0555cc7d.tlog\rcc.read.1u.tlog
d:\桌面\qtwidgetsapplication1\qtwidgetsapplication1\x64\debug\qtwidget.0555cc7d.tlog\rcc.write.1u.tlog
d:\桌面\qtwidgetsapplication1\qtwidgetsapplication1\x64\debug\qtwidget.0555cc7d.tlog\uic.read.1u.tlog
d:\桌面\qtwidgetsapplication1\qtwidgetsapplication1\x64\debug\qtwidget.0555cc7d.tlog\uic.write.1u.tlog
